Analysis & Synthesis report for hexdecoder
Mon Sep 25 15:29:05 2017
Quartus Prime Version 16.0.0 Build 211 04/27/2016 SJ Lite Edition


---------------------
; Table of Contents ;
---------------------
  1. Legal Notice
  2. Analysis & Synthesis Summary
  3. Analysis & Synthesis Settings
  4. Parallel Compilation
  5. Analysis & Synthesis Source Files Read
  6. Analysis & Synthesis Resource Usage Summary
  7. Analysis & Synthesis Resource Utilization by Entity
  8. General Register Statistics
  9. Post-Synthesis Netlist Statistics for Top Partition
 10. Elapsed Time Per Partition
 11. Analysis & Synthesis Messages



----------------
; Legal Notice ;
----------------
Copyright (C) 1991-2016 Altera Corporation. All rights reserved.
Your use of Altera Corporation's design tools, logic functions 
and other software and tools, and its AMPP partner logic 
functions, and any output files from any of the foregoing 
(including device programming or simulation files), and any 
associated documentation or information are expressly subject 
to the terms and conditions of the Altera Program License 
Subscription Agreement, the Altera Quartus Prime License Agreement,
the Altera MegaCore Function License Agreement, or other 
applicable license agreement, including, without limitation, 
that your use is for the sole purpose of programming logic 
devices manufactured by Altera and sold by Altera or its 
authorized distributors.  Please refer to the applicable 
agreement for further details.



+-------------------------------------------------------------------------------+
; Analysis & Synthesis Summary                                                  ;
+---------------------------------+---------------------------------------------+
; Analysis & Synthesis Status     ; Successful - Mon Sep 25 15:29:05 2017       ;
; Quartus Prime Version           ; 16.0.0 Build 211 04/27/2016 SJ Lite Edition ;
; Revision Name                   ; hexdecoder                                  ;
; Top-level Entity Name           ; hexdecoder                                  ;
; Family                          ; Cyclone V                                   ;
; Logic utilization (in ALMs)     ; N/A                                         ;
; Total registers                 ; 0                                           ;
; Total pins                      ; 11                                          ;
; Total virtual pins              ; 0                                           ;
; Total block memory bits         ; 0                                           ;
; Total DSP Blocks                ; 0                                           ;
; Total HSSI RX PCSs              ; 0                                           ;
; Total HSSI PMA RX Deserializers ; 0                                           ;
; Total HSSI TX PCSs              ; 0                                           ;
; Total HSSI PMA TX Serializers   ; 0                                           ;
; Total PLLs                      ; 0                                           ;
; Total DLLs                      ; 0                                           ;
+---------------------------------+---------------------------------------------+


+---------------------------------------------------------------------------------------------------------------------------+
; Analysis & Synthesis Settings                                                                                             ;
+---------------------------------------------------------------------------------+--------------------+--------------------+
; Option                                                                          ; Setting            ; Default Value      ;
+---------------------------------------------------------------------------------+--------------------+--------------------+
; Device                                                                          ; 5CSEMA5F31C6       ;                    ;
; Top-level entity name                                                           ; hexdecoder         ; hexdecoder         ;
; Family name                                                                     ; Cyclone V          ; Cyclone V          ;
; Use smart compilation                                                           ; Off                ; Off                ;
; Enable parallel Assembler and TimeQuest Timing Analyzer during compilation      ; On                 ; On                 ;
; Enable compact report table                                                     ; Off                ; Off                ;
; Restructure Multiplexers                                                        ; Auto               ; Auto               ;
; MLAB Add Timing Constraints For Mixed-Port Feed-Through Mode Setting Don't Care ; Off                ; Off                ;
; Create Debugging Nodes for IP Cores                                             ; Off                ; Off                ;
; Preserve fewer node names                                                       ; On                 ; On                 ;
; Disable OpenCore Plus hardware evaluation                                       ; Off                ; Off                ;
; Verilog Version                                                                 ; Verilog_2001       ; Verilog_2001       ;
; VHDL Version                                                                    ; VHDL_1993          ; VHDL_1993          ;
; State Machine Processing                                                        ; Auto               ; Auto               ;
; Safe State Machine                                                              ; Off                ; Off                ;
; Extract Verilog State Machines                                                  ; On                 ; On                 ;
; Extract VHDL State Machines                                                     ; On                 ; On                 ;
; Ignore Verilog initial constructs                                               ; Off                ; Off                ;
; Iteration limit for constant Verilog loops                                      ; 5000               ; 5000               ;
; Iteration limit for non-constant Verilog loops                                  ; 250                ; 250                ;
; Add Pass-Through Logic to Inferred RAMs                                         ; On                 ; On                 ;
; Infer RAMs from Raw Logic                                                       ; On                 ; On                 ;
; Parallel Synthesis                                                              ; On                 ; On                 ;
; DSP Block Balancing                                                             ; Auto               ; Auto               ;
; NOT Gate Push-Back                                                              ; On                 ; On                 ;
; Power-Up Don't Care                                                             ; On                 ; On                 ;
; Remove Redundant Logic Cells                                                    ; Off                ; Off                ;
; Remove Duplicate Registers                                                      ; On                 ; On                 ;
; Ignore CARRY Buffers                                                            ; Off                ; Off                ;
; Ignore CASCADE Buffers                                                          ; Off                ; Off                ;
; Ignore GLOBAL Buffers                                                           ; Off                ; Off                ;
; Ignore ROW GLOBAL Buffers                                                       ; Off                ; Off                ;
; Ignore LCELL Buffers                                                            ; Off                ; Off                ;
; Ignore SOFT Buffers                                                             ; On                 ; On                 ;
; Limit AHDL Integers to 32 Bits                                                  ; Off                ; Off                ;
; Optimization Technique                                                          ; Balanced           ; Balanced           ;
; Carry Chain Length                                                              ; 70                 ; 70                 ;
; Auto Carry Chains                                                               ; On                 ; On                 ;
; Auto Open-Drain Pins                                                            ; On                 ; On                 ;
; Perform WYSIWYG Primitive Resynthesis                                           ; Off                ; Off                ;
; Auto ROM Replacement                                                            ; On                 ; On                 ;
; Auto RAM Replacement                                                            ; On                 ; On                 ;
; Auto DSP Block Replacement                                                      ; On                 ; On                 ;
; Auto Shift Register Replacement                                                 ; Auto               ; Auto               ;
; Allow Shift Register Merging across Hierarchies                                 ; Auto               ; Auto               ;
; Auto Clock Enable Replacement                                                   ; On                 ; On                 ;
; Strict RAM Replacement                                                          ; Off                ; Off                ;
; Allow Synchronous Control Signals                                               ; On                 ; On                 ;
; Force Use of Synchronous Clear Signals                                          ; Off                ; Off                ;
; Auto Resource Sharing                                                           ; Off                ; Off                ;
; Allow Any RAM Size For Recognition                                              ; Off                ; Off                ;
; Allow Any ROM Size For Recognition                                              ; Off                ; Off                ;
; Allow Any Shift Register Size For Recognition                                   ; Off                ; Off                ;
; Use LogicLock Constraints during Resource Balancing                             ; On                 ; On                 ;
; Ignore translate_off and synthesis_off directives                               ; Off                ; Off                ;
; Timing-Driven Synthesis                                                         ; On                 ; On                 ;
; Report Parameter Settings                                                       ; On                 ; On                 ;
; Report Source Assignments                                                       ; On                 ; On                 ;
; Report Connectivity Checks                                                      ; On                 ; On                 ;
; Ignore Maximum Fan-Out Assignments                                              ; Off                ; Off                ;
; Synchronization Register Chain Length                                           ; 3                  ; 3                  ;
; PowerPlay Power Optimization During Synthesis                                   ; Normal compilation ; Normal compilation ;
; HDL message level                                                               ; Level2             ; Level2             ;
; Suppress Register Optimization Related Messages                                 ; Off                ; Off                ;
; Number of Removed Registers Reported in Synthesis Report                        ; 5000               ; 5000               ;
; Number of Swept Nodes Reported in Synthesis Report                              ; 5000               ; 5000               ;
; Number of Inverted Registers Reported in Synthesis Report                       ; 100                ; 100                ;
; Clock MUX Protection                                                            ; On                 ; On                 ;
; Auto Gated Clock Conversion                                                     ; Off                ; Off                ;
; Block Design Naming                                                             ; Auto               ; Auto               ;
; SDC constraint protection                                                       ; Off                ; Off                ;
; Synthesis Effort                                                                ; Auto               ; Auto               ;
; Shift Register Replacement - Allow Asynchronous Clear Signal                    ; On                 ; On                 ;
; Pre-Mapping Resynthesis Optimization                                            ; Off                ; Off                ;
; Analysis & Synthesis Message Level                                              ; Medium             ; Medium             ;
; Disable Register Merging Across Hierarchies                                     ; Auto               ; Auto               ;
; Resource Aware Inference For Block RAM                                          ; On                 ; On                 ;
; Synthesis Seed                                                                  ; 1                  ; 1                  ;
; Automatic Parallel Synthesis                                                    ; On                 ; On                 ;
; Partial Reconfiguration Bitstream ID                                            ; Off                ; Off                ;
+---------------------------------------------------------------------------------+--------------------+--------------------+


Parallel compilation was disabled, but you have multiple processors available. Enable parallel compilation to reduce compilation time.
+-------------------------------------+
; Parallel Compilation                ;
+----------------------------+--------+
; Processors                 ; Number ;
+----------------------------+--------+
; Number detected on machine ; 8      ;
; Maximum allowed            ; 1      ;
+----------------------------+--------+


+---------------------------------------------------------------------------------------------------------------------------------------------------------------------------+
; Analysis & Synthesis Source Files Read                                                                                                                                    ;
+----------------------------------+-----------------+------------------------------+-----------------------------------------------------------------------------+---------+
; File Name with User-Entered Path ; Used in Netlist ; File Type                    ; File Name with Absolute Path                                                ; Library ;
+----------------------------------+-----------------+------------------------------+-----------------------------------------------------------------------------+---------+
; hexdecoder.v                     ; yes             ; Auto-Found Verilog HDL File  ; D:/STUDY/Year 2 ECE/Fall 2017/3. ECE 241 H1 F/Lab 2/hexdecoder/hexdecoder.v ;         ;
+----------------------------------+-----------------+------------------------------+-----------------------------------------------------------------------------+---------+


+-----------------------------------------------------------+
; Analysis & Synthesis Resource Usage Summary               ;
+---------------------------------------------+-------------+
; Resource                                    ; Usage       ;
+---------------------------------------------+-------------+
; Estimate of Logic utilization (ALMs needed) ; 4           ;
;                                             ;             ;
; Combinational ALUT usage for logic          ; 7           ;
;     -- 7 input functions                    ; 0           ;
;     -- 6 input functions                    ; 0           ;
;     -- 5 input functions                    ; 0           ;
;     -- 4 input functions                    ; 7           ;
;     -- <=3 input functions                  ; 0           ;
;                                             ;             ;
; Dedicated logic registers                   ; 0           ;
;                                             ;             ;
; I/O pins                                    ; 11          ;
;                                             ;             ;
; Total DSP Blocks                            ; 0           ;
;                                             ;             ;
; Maximum fan-out node                        ; SW[3]~input ;
; Maximum fan-out                             ; 7           ;
; Total fan-out                               ; 46          ;
; Average fan-out                             ; 1.59        ;
+---------------------------------------------+-------------+


+-------------------------------------------------------------------------------------------------------------------------------------------------------------------------------+
; Analysis & Synthesis Resource Utilization by Entity                                                                                                                           ;
+----------------------------+-------------------+--------------+-------------------+------------+------+--------------+---------------------------+-------------+--------------+
; Compilation Hierarchy Node ; LC Combinationals ; LC Registers ; Block Memory Bits ; DSP Blocks ; Pins ; Virtual Pins ; Full Hierarchy Name       ; Entity Name ; Library Name ;
+----------------------------+-------------------+--------------+-------------------+------------+------+--------------+---------------------------+-------------+--------------+
; |hexdecoder                ; 7 (0)             ; 0 (0)        ; 0                 ; 0          ; 11   ; 0            ; |hexdecoder               ; hexdecoder  ; work         ;
;    |segment0:seg0|         ; 1 (1)             ; 0 (0)        ; 0                 ; 0          ; 0    ; 0            ; |hexdecoder|segment0:seg0 ; segment0    ; work         ;
;    |segment1:seg1|         ; 1 (1)             ; 0 (0)        ; 0                 ; 0          ; 0    ; 0            ; |hexdecoder|segment1:seg1 ; segment1    ; work         ;
;    |segment2:seg2|         ; 1 (1)             ; 0 (0)        ; 0                 ; 0          ; 0    ; 0            ; |hexdecoder|segment2:seg2 ; segment2    ; work         ;
;    |segment3:seg3|         ; 1 (1)             ; 0 (0)        ; 0                 ; 0          ; 0    ; 0            ; |hexdecoder|segment3:seg3 ; segment3    ; work         ;
;    |segment4:seg4|         ; 1 (1)             ; 0 (0)        ; 0                 ; 0          ; 0    ; 0            ; |hexdecoder|segment4:seg4 ; segment4    ; work         ;
;    |segment5:seg5|         ; 1 (1)             ; 0 (0)        ; 0                 ; 0          ; 0    ; 0            ; |hexdecoder|segment5:seg5 ; segment5    ; work         ;
;    |segment6:seg6|         ; 1 (1)             ; 0 (0)        ; 0                 ; 0          ; 0    ; 0            ; |hexdecoder|segment6:seg6 ; segment6    ; work         ;
+----------------------------+-------------------+--------------+-------------------+------------+------+--------------+---------------------------+-------------+--------------+
Note: For table entries with two numbers listed, the numbers in parentheses indicate the number of resources of the given type used by the specific entity alone. The numbers listed outside of parentheses indicate the total resources of the given type used by the specific entity and all of its sub-entities in the hierarchy.


+------------------------------------------------------+
; General Register Statistics                          ;
+----------------------------------------------+-------+
; Statistic                                    ; Value ;
+----------------------------------------------+-------+
; Total registers                              ; 0     ;
; Number of registers using Synchronous Clear  ; 0     ;
; Number of registers using Synchronous Load   ; 0     ;
; Number of registers using Asynchronous Clear ; 0     ;
; Number of registers using Asynchronous Load  ; 0     ;
; Number of registers using Clock Enable       ; 0     ;
; Number of registers using Preset             ; 0     ;
+----------------------------------------------+-------+


+-----------------------------------------------------+
; Post-Synthesis Netlist Statistics for Top Partition ;
+-----------------------+-----------------------------+
; Type                  ; Count                       ;
+-----------------------+-----------------------------+
; arriav_lcell_comb     ; 13                          ;
;     normal            ; 13                          ;
;         1 data inputs ; 6                           ;
;         4 data inputs ; 7                           ;
; boundary_port         ; 11                          ;
;                       ;                             ;
; Max LUT depth         ; 2.00                        ;
; Average LUT depth     ; 1.94                        ;
+-----------------------+-----------------------------+


+-------------------------------+
; Elapsed Time Per Partition    ;
+----------------+--------------+
; Partition Name ; Elapsed Time ;
+----------------+--------------+
; Top            ; 00:00:00     ;
+----------------+--------------+


+-------------------------------+
; Analysis & Synthesis Messages ;
+-------------------------------+
Info: *******************************************************************
Info: Running Quartus Prime Analysis & Synthesis
    Info: Version 16.0.0 Build 211 04/27/2016 SJ Lite Edition
    Info: Processing started: Mon Sep 25 15:28:55 2017
Info: Command: quartus_map --read_settings_files=on --write_settings_files=off hexdecoder -c hexdecoder
Warning (20028): Parallel compilation is not licensed and has been disabled
Warning (12125): Using design file hexdecoder.v, which is not specified as a design file for the current project, but contains definitions for 8 design units and 8 entities in project
    Info (12023): Found entity 1: hexdecoder File: D:/STUDY/Year 2 ECE/Fall 2017/3. ECE 241 H1 F/Lab 2/hexdecoder/hexdecoder.v Line: 3
    Info (12023): Found entity 2: segment0 File: D:/STUDY/Year 2 ECE/Fall 2017/3. ECE 241 H1 F/Lab 2/hexdecoder/hexdecoder.v Line: 65
    Info (12023): Found entity 3: segment1 File: D:/STUDY/Year 2 ECE/Fall 2017/3. ECE 241 H1 F/Lab 2/hexdecoder/hexdecoder.v Line: 73
    Info (12023): Found entity 4: segment2 File: D:/STUDY/Year 2 ECE/Fall 2017/3. ECE 241 H1 F/Lab 2/hexdecoder/hexdecoder.v Line: 81
    Info (12023): Found entity 5: segment3 File: D:/STUDY/Year 2 ECE/Fall 2017/3. ECE 241 H1 F/Lab 2/hexdecoder/hexdecoder.v Line: 89
    Info (12023): Found entity 6: segment4 File: D:/STUDY/Year 2 ECE/Fall 2017/3. ECE 241 H1 F/Lab 2/hexdecoder/hexdecoder.v Line: 97
    Info (12023): Found entity 7: segment5 File: D:/STUDY/Year 2 ECE/Fall 2017/3. ECE 241 H1 F/Lab 2/hexdecoder/hexdecoder.v Line: 105
    Info (12023): Found entity 8: segment6 File: D:/STUDY/Year 2 ECE/Fall 2017/3. ECE 241 H1 F/Lab 2/hexdecoder/hexdecoder.v Line: 113
Info (12127): Elaborating entity "hexdecoder" for the top level hierarchy
Info (12128): Elaborating entity "segment0" for hierarchy "segment0:seg0" File: D:/STUDY/Year 2 ECE/Fall 2017/3. ECE 241 H1 F/Lab 2/hexdecoder/hexdecoder.v Line: 13
Info (12128): Elaborating entity "segment1" for hierarchy "segment1:seg1" File: D:/STUDY/Year 2 ECE/Fall 2017/3. ECE 241 H1 F/Lab 2/hexdecoder/hexdecoder.v Line: 21
Info (12128): Elaborating entity "segment2" for hierarchy "segment2:seg2" File: D:/STUDY/Year 2 ECE/Fall 2017/3. ECE 241 H1 F/Lab 2/hexdecoder/hexdecoder.v Line: 29
Info (12128): Elaborating entity "segment3" for hierarchy "segment3:seg3" File: D:/STUDY/Year 2 ECE/Fall 2017/3. ECE 241 H1 F/Lab 2/hexdecoder/hexdecoder.v Line: 37
Info (12128): Elaborating entity "segment4" for hierarchy "segment4:seg4" File: D:/STUDY/Year 2 ECE/Fall 2017/3. ECE 241 H1 F/Lab 2/hexdecoder/hexdecoder.v Line: 45
Info (12128): Elaborating entity "segment5" for hierarchy "segment5:seg5" File: D:/STUDY/Year 2 ECE/Fall 2017/3. ECE 241 H1 F/Lab 2/hexdecoder/hexdecoder.v Line: 53
Info (12128): Elaborating entity "segment6" for hierarchy "segment6:seg6" File: D:/STUDY/Year 2 ECE/Fall 2017/3. ECE 241 H1 F/Lab 2/hexdecoder/hexdecoder.v Line: 61
Info (286030): Timing-Driven Synthesis is running
Info (16010): Generating hard_block partition "hard_block:auto_generated_inst"
    Info (16011): Adding 0 node(s), including 0 DDIO, 0 PLL, 0 transceiver and 0 LCELL
Info (21057): Implemented 18 device resources after synthesis - the final resource count might be different
    Info (21058): Implemented 4 input pins
    Info (21059): Implemented 7 output pins
    Info (21061): Implemented 7 logic cells
Info: Quartus Prime Analysis & Synthesis was successful. 0 errors, 2 warnings
    Info: Peak virtual memory: 903 megabytes
    Info: Processing ended: Mon Sep 25 15:29:05 2017
    Info: Elapsed time: 00:00:10
    Info: Total CPU time (on all processors): 00:00:24


