Flow report for Lab1
Sun Sep 17 20:40:02 2017
Quartus Prime Version 16.0.0 Build 211 04/27/2016 SJ Lite Edition


---------------------
; Table of Contents ;
---------------------
  1. Legal Notice
  2. Flow Summary
  3. Flow Settings
  4. Flow Non-Default Global Settings
  5. Flow Elapsed Time
  6. Flow OS Summary
  7. Flow Log
  8. Flow Messages
  9. Flow Suppressed Messages



----------------
; Legal Notice ;
----------------
Copyright (C) 1991-2016 Altera Corporation. All rights reserved.
Your use of Altera Corporation's design tools, logic functions 
and other software and tools, and its AMPP partner logic 
functions, and any output files from any of the foregoing 
(including device programming or simulation files), and any 
associated documentation or information are expressly subject 
to the terms and conditions of the Altera Program License 
Subscription Agreement, the Altera Quartus Prime License Agreement,
the Altera MegaCore Function License Agreement, or other 
applicable license agreement, including, without limitation, 
that your use is for the sole purpose of programming logic 
devices manufactured by Altera and sold by Altera or its 
authorized distributors.  Please refer to the applicable 
agreement for further details.



+-------------------------------------------------------------------------------+
; Flow Summary                                                                  ;
+---------------------------------+---------------------------------------------+
; Flow Status                     ; Successful - Sun Sep 17 20:40:02 2017       ;
; Quartus Prime Version           ; 16.0.0 Build 211 04/27/2016 SJ Lite Edition ;
; Revision Name                   ; Lab1                                        ;
; Top-level Entity Name           ; Lab1                                        ;
; Family                          ; Cyclone V                                   ;
; Device                          ; 5CSEMA5F31C6                                ;
; Timing Models                   ; Final                                       ;
; Logic utilization (in ALMs)     ; 2 / 32,070 ( < 1 % )                        ;
; Total registers                 ; 0                                           ;
; Total pins                      ; 8 / 457 ( 2 % )                             ;
; Total virtual pins              ; 0                                           ;
; Total block memory bits         ; 0 / 4,065,280 ( 0 % )                       ;
; Total DSP Blocks                ; 0 / 87 ( 0 % )                              ;
; Total HSSI RX PCSs              ; 0                                           ;
; Total HSSI PMA RX Deserializers ; 0                                           ;
; Total HSSI TX PCSs              ; 0                                           ;
; Total HSSI PMA TX Serializers   ; 0                                           ;
; Total PLLs                      ; 0 / 6 ( 0 % )                               ;
; Total DLLs                      ; 0 / 4 ( 0 % )                               ;
+---------------------------------+---------------------------------------------+


+-----------------------------------------+
; Flow Settings                           ;
+-------------------+---------------------+
; Option            ; Setting             ;
+-------------------+---------------------+
; Start date & time ; 09/17/2017 19:26:39 ;
; Main task         ; Compilation         ;
; Revision Name     ; Lab1                ;
+-------------------+---------------------+


+---------------------------------------------------------------------------------------------------------------------+
; Flow Non-Default Global Settings                                                                                    ;
+-------------------------------------+--------------------------------+---------------+-------------+----------------+
; Assignment Name                     ; Value                          ; Default Value ; Entity Name ; Section Id     ;
+-------------------------------------+--------------------------------+---------------+-------------+----------------+
; COMPILER_SIGNATURE_ID               ; 35490513938923.150569079910848 ; --            ; --          ; --             ;
; EDA_OUTPUT_DATA_FORMAT              ; Verilog Hdl                    ; --            ; --          ; eda_simulation ;
; EDA_SIMULATION_TOOL                 ; ModelSim-Altera (Verilog)      ; <None>        ; --          ; --             ;
; EDA_TIME_SCALE                      ; 1 ps                           ; --            ; --          ; eda_simulation ;
; MAX_CORE_JUNCTION_TEMP              ; 85                             ; --            ; --          ; --             ;
; MIN_CORE_JUNCTION_TEMP              ; 0                              ; --            ; --          ; --             ;
; PARTITION_COLOR                     ; 16764057                       ; --            ; --          ; Top            ;
; PARTITION_FITTER_PRESERVATION_LEVEL ; PLACEMENT_AND_ROUTING          ; --            ; --          ; Top            ;
; PARTITION_NETLIST_TYPE              ; SOURCE                         ; --            ; --          ; Top            ;
; PROJECT_OUTPUT_DIRECTORY            ; output_files                   ; --            ; --          ; --             ;
+-------------------------------------+--------------------------------+---------------+-------------+----------------+


+-------------------------------------------------------------------------------------------------------------------------------+
; Flow Elapsed Time                                                                                                             ;
+---------------------------+--------------+-------------------------+---------------------+------------------------------------+
; Module Name               ; Elapsed Time ; Average Processors Used ; Peak Virtual Memory ; Total CPU Time (on all processors) ;
+---------------------------+--------------+-------------------------+---------------------+------------------------------------+
; Analysis & Synthesis      ; 00:00:11     ; 1.0                     ; 885 MB              ; 00:00:28                           ;
; Fitter                    ; 00:00:44     ; 1.0                     ; 2124 MB             ; 00:00:58                           ;
; Assembler                 ; 00:00:07     ; 1.0                     ; 919 MB              ; 00:00:07                           ;
; TimeQuest Timing Analyzer ; 00:00:05     ; 1.0                     ; 1154 MB             ; 00:00:04                           ;
; EDA Netlist Writer        ; 00:00:01     ; 1.0                     ; 817 MB              ; 00:00:01                           ;
; EDA Netlist Writer        ; 00:00:01     ; 1.0                     ; 797 MB              ; 00:00:01                           ;
; EDA Netlist Writer        ; 00:00:01     ; 1.0                     ; 806 MB              ; 00:00:01                           ;
; EDA Netlist Writer        ; 00:00:01     ; 1.0                     ; 797 MB              ; 00:00:01                           ;
; EDA Netlist Writer        ; 00:00:01     ; 1.0                     ; 819 MB              ; 00:00:01                           ;
; EDA Netlist Writer        ; 00:00:01     ; 1.0                     ; 797 MB              ; 00:00:01                           ;
; EDA Netlist Writer        ; 00:00:01     ; 1.0                     ; 806 MB              ; 00:00:01                           ;
; EDA Netlist Writer        ; 00:00:01     ; 1.0                     ; 801 MB              ; 00:00:01                           ;
; EDA Netlist Writer        ; 00:00:01     ; 1.0                     ; 806 MB              ; 00:00:01                           ;
; Total                     ; 00:01:16     ; --                      ; --                  ; 00:01:46                           ;
+---------------------------+--------------+-------------------------+---------------------+------------------------------------+


+----------------------------------------------------------------------------------------+
; Flow OS Summary                                                                        ;
+---------------------------+------------------+-----------+------------+----------------+
; Module Name               ; Machine Hostname ; OS Name   ; OS Version ; Processor type ;
+---------------------------+------------------+-----------+------------+----------------+
; Analysis & Synthesis      ; DESKTOP-RCATKN6  ; Windows 8 ; 6.2        ; x86_64         ;
; Fitter                    ; DESKTOP-RCATKN6  ; Windows 8 ; 6.2        ; x86_64         ;
; Assembler                 ; DESKTOP-RCATKN6  ; Windows 8 ; 6.2        ; x86_64         ;
; TimeQuest Timing Analyzer ; DESKTOP-RCATKN6  ; Windows 8 ; 6.2        ; x86_64         ;
; EDA Netlist Writer        ; DESKTOP-RCATKN6  ; Windows 8 ; 6.2        ; x86_64         ;
; EDA Netlist Writer        ; DESKTOP-RCATKN6  ; Windows 8 ; 6.2        ; x86_64         ;
; EDA Netlist Writer        ; DESKTOP-RCATKN6  ; Windows 8 ; 6.2        ; x86_64         ;
; EDA Netlist Writer        ; DESKTOP-RCATKN6  ; Windows 8 ; 6.2        ; x86_64         ;
; EDA Netlist Writer        ; DESKTOP-RCATKN6  ; Windows 8 ; 6.2        ; x86_64         ;
; EDA Netlist Writer        ; DESKTOP-RCATKN6  ; Windows 8 ; 6.2        ; x86_64         ;
; EDA Netlist Writer        ; DESKTOP-RCATKN6  ; Windows 8 ; 6.2        ; x86_64         ;
; EDA Netlist Writer        ; DESKTOP-RCATKN6  ; Windows 8 ; 6.2        ; x86_64         ;
; EDA Netlist Writer        ; DESKTOP-RCATKN6  ; Windows 8 ; 6.2        ; x86_64         ;
+---------------------------+------------------+-----------+------------+----------------+


------------
; Flow Log ;
------------
quartus_map --read_settings_files=on --write_settings_files=off Lab1 -c Lab1
quartus_fit --read_settings_files=off --write_settings_files=off Lab1 -c Lab1
quartus_asm --read_settings_files=off --write_settings_files=off Lab1 -c Lab1
quartus_sta Lab1 -c Lab1
quartus_eda --read_settings_files=off --write_settings_files=off Lab1 -c Lab1
quartus_eda --gen_testbench --tool=modelsim_oem --format=verilog --write_settings_files=off Lab1 -c Lab1 --vector_source="D:/STUDY/Year 2 ECE/Fall 2017/3. ECE 241 H1 F/Lab 1/Lab1.vwf" --testbench_file="D:/STUDY/Year 2 ECE/Fall 2017/3. ECE 241 H1 F/Lab 1/simulation/qsim/Lab1.vwf.vt"
quartus_eda --write_settings_files=off --functional=on --flatten_buses=off --simulation=on --tool=modelsim_oem --format=verilog --output_directory="D:/STUDY/Year 2 ECE/Fall 2017/3. ECE 241 H1 F/Lab 1/simulation/qsim/" Lab1 -c Lab1
quartus_eda --gen_testbench --tool=modelsim_oem --format=verilog --write_settings_files=off Lab1 -c Lab1 --vector_source="D:/STUDY/Year 2 ECE/Fall 2017/3. ECE 241 H1 F/Lab 1/Lab1.vwf" --testbench_file="D:/STUDY/Year 2 ECE/Fall 2017/3. ECE 241 H1 F/Lab 1/simulation/qsim/Lab1.vwf.vt"
quartus_eda --write_settings_files=off --functional=off --flatten_buses=off --timescale=1ps --simulation=on --tool=modelsim_oem --format=verilog --output_directory="D:/STUDY/Year 2 ECE/Fall 2017/3. ECE 241 H1 F/Lab 1/simulation/qsim/" Lab1 -c Lab1
quartus_eda --gen_testbench --tool=modelsim_oem --format=verilog --write_settings_files=off Lab1 -c Lab1 --vector_source="D:/STUDY/Year 2 ECE/Fall 2017/3. ECE 241 H1 F/Lab 1/Lab1.vwf" --testbench_file="D:/STUDY/Year 2 ECE/Fall 2017/3. ECE 241 H1 F/Lab 1/simulation/qsim/Lab1.vwf.vt"
quartus_eda --write_settings_files=off --functional=on --flatten_buses=off --simulation=on --tool=modelsim_oem --format=verilog --output_directory="D:/STUDY/Year 2 ECE/Fall 2017/3. ECE 241 H1 F/Lab 1/simulation/qsim/" Lab1 -c Lab1
quartus_eda --gen_testbench --tool=modelsim_oem --format=verilog --write_settings_files=off Lab1 -c Lab1 --vector_source="D:/STUDY/Year 2 ECE/Fall 2017/3. ECE 241 H1 F/Lab 1/Lab1.vwf" --testbench_file="D:/STUDY/Year 2 ECE/Fall 2017/3. ECE 241 H1 F/Lab 1/simulation/qsim/Lab1.vwf.vt"
quartus_eda --write_settings_files=off --functional=on --flatten_buses=off --simulation=on --tool=modelsim_oem --format=verilog --output_directory="D:/STUDY/Year 2 ECE/Fall 2017/3. ECE 241 H1 F/Lab 1/simulation/qsim/" Lab1 -c Lab1



