Analysis & Synthesis report for part2
Mon Oct 16 11:40:20 2017
Quartus Prime Version 16.0.0 Build 211 04/27/2016 SJ Lite Edition


---------------------
; Table of Contents ;
---------------------
  1. Legal Notice
  2. Analysis & Synthesis Summary
  3. Analysis & Synthesis Settings
  4. Parallel Compilation
  5. Analysis & Synthesis Source Files Read
  6. Analysis & Synthesis Resource Usage Summary
  7. Analysis & Synthesis Resource Utilization by Entity
  8. Analysis & Synthesis DSP Block Usage Summary
  9. General Register Statistics
 10. Multiplexer Restructuring Statistics (Restructuring Performed)
 11. Port Connectivity Checks: "hexdecoder:hex3"
 12. Port Connectivity Checks: "hexdecoder:hex2"
 13. Port Connectivity Checks: "hexdecoder:hex1"
 14. Port Connectivity Checks: "sigInsig:u5"
 15. Post-Synthesis Netlist Statistics for Top Partition
 16. Elapsed Time Per Partition
 17. Analysis & Synthesis Messages
 18. Analysis & Synthesis Suppressed Messages



----------------
; Legal Notice ;
----------------
Copyright (C) 1991-2016 Altera Corporation. All rights reserved.
Your use of Altera Corporation's design tools, logic functions 
and other software and tools, and its AMPP partner logic 
functions, and any output files from any of the foregoing 
(including device programming or simulation files), and any 
associated documentation or information are expressly subject 
to the terms and conditions of the Altera Program License 
Subscription Agreement, the Altera Quartus Prime License Agreement,
the Altera MegaCore Function License Agreement, or other 
applicable license agreement, including, without limitation, 
that your use is for the sole purpose of programming logic 
devices manufactured by Altera and sold by Altera or its 
authorized distributors.  Please refer to the applicable 
agreement for further details.



+-------------------------------------------------------------------------------+
; Analysis & Synthesis Summary                                                  ;
+---------------------------------+---------------------------------------------+
; Analysis & Synthesis Status     ; Successful - Mon Oct 16 11:40:20 2017       ;
; Quartus Prime Version           ; 16.0.0 Build 211 04/27/2016 SJ Lite Edition ;
; Revision Name                   ; part2                                       ;
; Top-level Entity Name           ; part2                                       ;
; Family                          ; Cyclone V                                   ;
; Logic utilization (in ALMs)     ; N/A                                         ;
; Total registers                 ; 8                                           ;
; Total pins                      ; 64                                          ;
; Total virtual pins              ; 0                                           ;
; Total block memory bits         ; 0                                           ;
; Total DSP Blocks                ; 1                                           ;
; Total HSSI RX PCSs              ; 0                                           ;
; Total HSSI PMA RX Deserializers ; 0                                           ;
; Total HSSI TX PCSs              ; 0                                           ;
; Total HSSI PMA TX Serializers   ; 0                                           ;
; Total PLLs                      ; 0                                           ;
; Total DLLs                      ; 0                                           ;
+---------------------------------+---------------------------------------------+


+---------------------------------------------------------------------------------------------------------------------------+
; Analysis & Synthesis Settings                                                                                             ;
+---------------------------------------------------------------------------------+--------------------+--------------------+
; Option                                                                          ; Setting            ; Default Value      ;
+---------------------------------------------------------------------------------+--------------------+--------------------+
; Device                                                                          ; 5CSEMA5F31C6       ;                    ;
; Top-level entity name                                                           ; part2              ; part2              ;
; Family name                                                                     ; Cyclone V          ; Cyclone V          ;
; Use smart compilation                                                           ; Off                ; Off                ;
; Enable parallel Assembler and TimeQuest Timing Analyzer during compilation      ; On                 ; On                 ;
; Enable compact report table                                                     ; Off                ; Off                ;
; Restructure Multiplexers                                                        ; Auto               ; Auto               ;
; MLAB Add Timing Constraints For Mixed-Port Feed-Through Mode Setting Don't Care ; Off                ; Off                ;
; Create Debugging Nodes for IP Cores                                             ; Off                ; Off                ;
; Preserve fewer node names                                                       ; On                 ; On                 ;
; Disable OpenCore Plus hardware evaluation                                       ; Off                ; Off                ;
; Verilog Version                                                                 ; Verilog_2001       ; Verilog_2001       ;
; VHDL Version                                                                    ; VHDL_1993          ; VHDL_1993          ;
; State Machine Processing                                                        ; Auto               ; Auto               ;
; Safe State Machine                                                              ; Off                ; Off                ;
; Extract Verilog State Machines                                                  ; On                 ; On                 ;
; Extract VHDL State Machines                                                     ; On                 ; On                 ;
; Ignore Verilog initial constructs                                               ; Off                ; Off                ;
; Iteration limit for constant Verilog loops                                      ; 5000               ; 5000               ;
; Iteration limit for non-constant Verilog loops                                  ; 250                ; 250                ;
; Add Pass-Through Logic to Inferred RAMs                                         ; On                 ; On                 ;
; Infer RAMs from Raw Logic                                                       ; On                 ; On                 ;
; Parallel Synthesis                                                              ; On                 ; On                 ;
; DSP Block Balancing                                                             ; Auto               ; Auto               ;
; NOT Gate Push-Back                                                              ; On                 ; On                 ;
; Power-Up Don't Care                                                             ; On                 ; On                 ;
; Remove Redundant Logic Cells                                                    ; Off                ; Off                ;
; Remove Duplicate Registers                                                      ; On                 ; On                 ;
; Ignore CARRY Buffers                                                            ; Off                ; Off                ;
; Ignore CASCADE Buffers                                                          ; Off                ; Off                ;
; Ignore GLOBAL Buffers                                                           ; Off                ; Off                ;
; Ignore ROW GLOBAL Buffers                                                       ; Off                ; Off                ;
; Ignore LCELL Buffers                                                            ; Off                ; Off                ;
; Ignore SOFT Buffers                                                             ; On                 ; On                 ;
; Limit AHDL Integers to 32 Bits                                                  ; Off                ; Off                ;
; Optimization Technique                                                          ; Balanced           ; Balanced           ;
; Carry Chain Length                                                              ; 70                 ; 70                 ;
; Auto Carry Chains                                                               ; On                 ; On                 ;
; Auto Open-Drain Pins                                                            ; On                 ; On                 ;
; Perform WYSIWYG Primitive Resynthesis                                           ; Off                ; Off                ;
; Auto ROM Replacement                                                            ; On                 ; On                 ;
; Auto RAM Replacement                                                            ; On                 ; On                 ;
; Auto DSP Block Replacement                                                      ; On                 ; On                 ;
; Auto Shift Register Replacement                                                 ; Auto               ; Auto               ;
; Allow Shift Register Merging across Hierarchies                                 ; Auto               ; Auto               ;
; Auto Clock Enable Replacement                                                   ; On                 ; On                 ;
; Strict RAM Replacement                                                          ; Off                ; Off                ;
; Allow Synchronous Control Signals                                               ; On                 ; On                 ;
; Force Use of Synchronous Clear Signals                                          ; Off                ; Off                ;
; Auto Resource Sharing                                                           ; Off                ; Off                ;
; Allow Any RAM Size For Recognition                                              ; Off                ; Off                ;
; Allow Any ROM Size For Recognition                                              ; Off                ; Off                ;
; Allow Any Shift Register Size For Recognition                                   ; Off                ; Off                ;
; Use LogicLock Constraints during Resource Balancing                             ; On                 ; On                 ;
; Ignore translate_off and synthesis_off directives                               ; Off                ; Off                ;
; Timing-Driven Synthesis                                                         ; On                 ; On                 ;
; Report Parameter Settings                                                       ; On                 ; On                 ;
; Report Source Assignments                                                       ; On                 ; On                 ;
; Report Connectivity Checks                                                      ; On                 ; On                 ;
; Ignore Maximum Fan-Out Assignments                                              ; Off                ; Off                ;
; Synchronization Register Chain Length                                           ; 3                  ; 3                  ;
; PowerPlay Power Optimization During Synthesis                                   ; Normal compilation ; Normal compilation ;
; HDL message level                                                               ; Level2             ; Level2             ;
; Suppress Register Optimization Related Messages                                 ; Off                ; Off                ;
; Number of Removed Registers Reported in Synthesis Report                        ; 5000               ; 5000               ;
; Number of Swept Nodes Reported in Synthesis Report                              ; 5000               ; 5000               ;
; Number of Inverted Registers Reported in Synthesis Report                       ; 100                ; 100                ;
; Clock MUX Protection                                                            ; On                 ; On                 ;
; Auto Gated Clock Conversion                                                     ; Off                ; Off                ;
; Block Design Naming                                                             ; Auto               ; Auto               ;
; SDC constraint protection                                                       ; Off                ; Off                ;
; Synthesis Effort                                                                ; Auto               ; Auto               ;
; Shift Register Replacement - Allow Asynchronous Clear Signal                    ; On                 ; On                 ;
; Pre-Mapping Resynthesis Optimization                                            ; Off                ; Off                ;
; Analysis & Synthesis Message Level                                              ; Medium             ; Medium             ;
; Disable Register Merging Across Hierarchies                                     ; Auto               ; Auto               ;
; Resource Aware Inference For Block RAM                                          ; On                 ; On                 ;
; Synthesis Seed                                                                  ; 1                  ; 1                  ;
; Automatic Parallel Synthesis                                                    ; On                 ; On                 ;
; Partial Reconfiguration Bitstream ID                                            ; Off                ; Off                ;
+---------------------------------------------------------------------------------+--------------------+--------------------+


Parallel compilation was disabled, but you have multiple processors available. Enable parallel compilation to reduce compilation time.
+-------------------------------------+
; Parallel Compilation                ;
+----------------------------+--------+
; Processors                 ; Number ;
+----------------------------+--------+
; Number detected on machine ; 8      ;
; Maximum allowed            ; 1      ;
+----------------------------+--------+


+-----------------------------------------------------------------------------------------------------------------------------------------------------------+
; Analysis & Synthesis Source Files Read                                                                                                                    ;
+----------------------------------+-----------------+------------------------+-------------------------------------------------------------------+---------+
; File Name with User-Entered Path ; Used in Netlist ; File Type              ; File Name with Absolute Path                                      ; Library ;
+----------------------------------+-----------------+------------------------+-------------------------------------------------------------------+---------+
; part2.v                          ; yes             ; User Verilog HDL File  ; D:/STUDY/Year 2 ECE/Fall 2017/3. ECE 241 H1 F/Lab 4/Part2/part2.v ;         ;
+----------------------------------+-----------------+------------------------+-------------------------------------------------------------------+---------+


+--------------------------------------------------------------+
; Analysis & Synthesis Resource Usage Summary                  ;
+---------------------------------------------+----------------+
; Resource                                    ; Usage          ;
+---------------------------------------------+----------------+
; Estimate of Logic utilization (ALMs needed) ; 52             ;
;                                             ;                ;
; Combinational ALUT usage for logic          ; 82             ;
;     -- 7 input functions                    ; 2              ;
;     -- 6 input functions                    ; 20             ;
;     -- 5 input functions                    ; 12             ;
;     -- 4 input functions                    ; 31             ;
;     -- <=3 input functions                  ; 17             ;
;                                             ;                ;
; Dedicated logic registers                   ; 8              ;
;                                             ;                ;
; I/O pins                                    ; 64             ;
;                                             ;                ;
; Total DSP Blocks                            ; 1              ;
;                                             ;                ;
; Maximum fan-out node                        ; register_8b[0] ;
; Maximum fan-out                             ; 24             ;
; Total fan-out                               ; 479            ;
; Average fan-out                             ; 2.19           ;
+---------------------------------------------+----------------+


+---------------------------------------------------------------------------------------------------------------------------------------------------------------------------------------------------+
; Analysis & Synthesis Resource Utilization by Entity                                                                                                                                               ;
+----------------------------+-------------------+--------------+-------------------+------------+------+--------------+----------------------------------------------+--------------+--------------+
; Compilation Hierarchy Node ; LC Combinationals ; LC Registers ; Block Memory Bits ; DSP Blocks ; Pins ; Virtual Pins ; Full Hierarchy Name                          ; Entity Name  ; Library Name ;
+----------------------------+-------------------+--------------+-------------------+------------+------+--------------+----------------------------------------------+--------------+--------------+
; |part2                     ; 82 (44)           ; 8 (8)        ; 0                 ; 1          ; 64   ; 0            ; |part2                                       ; part2        ; work         ;
;    |adder4and4:u0|         ; 2 (0)             ; 0 (0)        ; 0                 ; 0          ; 0    ; 0            ; |part2|adder4and4:u0                         ; adder4and4   ; work         ;
;       |adder:adder1|       ; 1 (0)             ; 0 (0)        ; 0                 ; 0          ; 0    ; 0            ; |part2|adder4and4:u0|adder:adder1            ; adder        ; work         ;
;          |mux2to1:u0|      ; 1 (1)             ; 0 (0)        ; 0                 ; 0          ; 0    ; 0            ; |part2|adder4and4:u0|adder:adder1|mux2to1:u0 ; mux2to1      ; work         ;
;       |adder:adder3|       ; 1 (0)             ; 0 (0)        ; 0                 ; 0          ; 0    ; 0            ; |part2|adder4and4:u0|adder:adder3            ; adder        ; work         ;
;          |mux2to1:u0|      ; 1 (1)             ; 0 (0)        ; 0                 ; 0          ; 0    ; 0            ; |part2|adder4and4:u0|adder:adder3|mux2to1:u0 ; mux2to1      ; work         ;
;    |andCheck:u4|           ; 2 (2)             ; 0 (0)        ; 0                 ; 0          ; 0    ; 0            ; |part2|andCheck:u4                           ; andCheck     ; work         ;
;    |hexdecoder:hex0|       ; 7 (0)             ; 0 (0)        ; 0                 ; 0          ; 0    ; 0            ; |part2|hexdecoder:hex0                       ; hexdecoder   ; work         ;
;       |segment0:seg0|      ; 1 (1)             ; 0 (0)        ; 0                 ; 0          ; 0    ; 0            ; |part2|hexdecoder:hex0|segment0:seg0         ; segment0     ; work         ;
;       |segment1:seg1|      ; 1 (1)             ; 0 (0)        ; 0                 ; 0          ; 0    ; 0            ; |part2|hexdecoder:hex0|segment1:seg1         ; segment1     ; work         ;
;       |segment2:seg2|      ; 1 (1)             ; 0 (0)        ; 0                 ; 0          ; 0    ; 0            ; |part2|hexdecoder:hex0|segment2:seg2         ; segment2     ; work         ;
;       |segment3:seg3|      ; 1 (1)             ; 0 (0)        ; 0                 ; 0          ; 0    ; 0            ; |part2|hexdecoder:hex0|segment3:seg3         ; segment3     ; work         ;
;       |segment4:seg4|      ; 1 (1)             ; 0 (0)        ; 0                 ; 0          ; 0    ; 0            ; |part2|hexdecoder:hex0|segment4:seg4         ; segment4     ; work         ;
;       |segment5:seg5|      ; 1 (1)             ; 0 (0)        ; 0                 ; 0          ; 0    ; 0            ; |part2|hexdecoder:hex0|segment5:seg5         ; segment5     ; work         ;
;       |segment6:seg6|      ; 1 (1)             ; 0 (0)        ; 0                 ; 0          ; 0    ; 0            ; |part2|hexdecoder:hex0|segment6:seg6         ; segment6     ; work         ;
;    |hexdecoder:hex4|       ; 8 (0)             ; 0 (0)        ; 0                 ; 0          ; 0    ; 0            ; |part2|hexdecoder:hex4                       ; hexdecoder   ; work         ;
;       |segment0:seg0|      ; 1 (1)             ; 0 (0)        ; 0                 ; 0          ; 0    ; 0            ; |part2|hexdecoder:hex4|segment0:seg0         ; segment0     ; work         ;
;       |segment1:seg1|      ; 1 (1)             ; 0 (0)        ; 0                 ; 0          ; 0    ; 0            ; |part2|hexdecoder:hex4|segment1:seg1         ; segment1     ; work         ;
;       |segment2:seg2|      ; 1 (1)             ; 0 (0)        ; 0                 ; 0          ; 0    ; 0            ; |part2|hexdecoder:hex4|segment2:seg2         ; segment2     ; work         ;
;       |segment3:seg3|      ; 2 (2)             ; 0 (0)        ; 0                 ; 0          ; 0    ; 0            ; |part2|hexdecoder:hex4|segment3:seg3         ; segment3     ; work         ;
;       |segment4:seg4|      ; 1 (1)             ; 0 (0)        ; 0                 ; 0          ; 0    ; 0            ; |part2|hexdecoder:hex4|segment4:seg4         ; segment4     ; work         ;
;       |segment5:seg5|      ; 1 (1)             ; 0 (0)        ; 0                 ; 0          ; 0    ; 0            ; |part2|hexdecoder:hex4|segment5:seg5         ; segment5     ; work         ;
;       |segment6:seg6|      ; 1 (1)             ; 0 (0)        ; 0                 ; 0          ; 0    ; 0            ; |part2|hexdecoder:hex4|segment6:seg6         ; segment6     ; work         ;
;    |hexdecoder:hex5|       ; 7 (0)             ; 0 (0)        ; 0                 ; 0          ; 0    ; 0            ; |part2|hexdecoder:hex5                       ; hexdecoder   ; work         ;
;       |segment0:seg0|      ; 1 (1)             ; 0 (0)        ; 0                 ; 0          ; 0    ; 0            ; |part2|hexdecoder:hex5|segment0:seg0         ; segment0     ; work         ;
;       |segment1:seg1|      ; 1 (1)             ; 0 (0)        ; 0                 ; 0          ; 0    ; 0            ; |part2|hexdecoder:hex5|segment1:seg1         ; segment1     ; work         ;
;       |segment2:seg2|      ; 1 (1)             ; 0 (0)        ; 0                 ; 0          ; 0    ; 0            ; |part2|hexdecoder:hex5|segment2:seg2         ; segment2     ; work         ;
;       |segment3:seg3|      ; 1 (1)             ; 0 (0)        ; 0                 ; 0          ; 0    ; 0            ; |part2|hexdecoder:hex5|segment3:seg3         ; segment3     ; work         ;
;       |segment4:seg4|      ; 1 (1)             ; 0 (0)        ; 0                 ; 0          ; 0    ; 0            ; |part2|hexdecoder:hex5|segment4:seg4         ; segment4     ; work         ;
;       |segment5:seg5|      ; 1 (1)             ; 0 (0)        ; 0                 ; 0          ; 0    ; 0            ; |part2|hexdecoder:hex5|segment5:seg5         ; segment5     ; work         ;
;       |segment6:seg6|      ; 1 (1)             ; 0 (0)        ; 0                 ; 0          ; 0    ; 0            ; |part2|hexdecoder:hex5|segment6:seg6         ; segment6     ; work         ;
;    |leftShift:u6|          ; 5 (5)             ; 0 (0)        ; 0                 ; 0          ; 0    ; 0            ; |part2|leftShift:u6                          ; leftShift    ; work         ;
;    |orCheck:u3|            ; 1 (1)             ; 0 (0)        ; 0                 ; 0          ; 0    ; 0            ; |part2|orCheck:u3                            ; orCheck      ; work         ;
;    |verilogAdder:u1|       ; 6 (6)             ; 0 (0)        ; 0                 ; 0          ; 0    ; 0            ; |part2|verilogAdder:u1                       ; verilogAdder ; work         ;
;    |verilogTimes:u7|       ; 0 (0)             ; 0 (0)        ; 0                 ; 1          ; 0    ; 0            ; |part2|verilogTimes:u7                       ; verilogTimes ; work         ;
+----------------------------+-------------------+--------------+-------------------+------------+------+--------------+----------------------------------------------+--------------+--------------+
Note: For table entries with two numbers listed, the numbers in parentheses indicate the number of resources of the given type used by the specific entity alone. The numbers listed outside of parentheses indicate the total resources of the given type used by the specific entity and all of its sub-entities in the hierarchy.


+-----------------------------------------------+
; Analysis & Synthesis DSP Block Usage Summary  ;
+---------------------------------+-------------+
; Statistic                       ; Number Used ;
+---------------------------------+-------------+
; Independent 9x9                 ; 1           ;
; Total number of DSP blocks      ; 1           ;
;                                 ;             ;
; Fixed Point Unsigned Multiplier ; 1           ;
+---------------------------------+-------------+


+------------------------------------------------------+
; General Register Statistics                          ;
+----------------------------------------------+-------+
; Statistic                                    ; Value ;
+----------------------------------------------+-------+
; Total registers                              ; 8     ;
; Number of registers using Synchronous Clear  ; 0     ;
; Number of registers using Synchronous Load   ; 0     ;
; Number of registers using Asynchronous Clear ; 0     ;
; Number of registers using Asynchronous Load  ; 0     ;
; Number of registers using Clock Enable       ; 6     ;
; Number of registers using Preset             ; 0     ;
+----------------------------------------------+-------+


+------------------------------------------------------------------------------------------------------------------------------------------+
; Multiplexer Restructuring Statistics (Restructuring Performed)                                                                           ;
+--------------------+-----------+---------------+----------------------+------------------------+------------+----------------------------+
; Multiplexer Inputs ; Bus Width ; Baseline Area ; Area if Restructured ; Saving if Restructured ; Registered ; Example Multiplexer Output ;
+--------------------+-----------+---------------+----------------------+------------------------+------------+----------------------------+
; 11:1               ; 3 bits    ; 21 LEs        ; 18 LEs               ; 3 LEs                  ; Yes        ; |part2|register_8b[0]      ;
+--------------------+-----------+---------------+----------------------+------------------------+------------+----------------------------+


+---------------------------------------------+
; Port Connectivity Checks: "hexdecoder:hex3" ;
+------+-------+----------+-------------------+
; Port ; Type  ; Severity ; Details           ;
+------+-------+----------+-------------------+
; NUM  ; Input ; Info     ; Stuck at GND      ;
+------+-------+----------+-------------------+


+---------------------------------------------+
; Port Connectivity Checks: "hexdecoder:hex2" ;
+------+-------+----------+-------------------+
; Port ; Type  ; Severity ; Details           ;
+------+-------+----------+-------------------+
; NUM  ; Input ; Info     ; Stuck at GND      ;
+------+-------+----------+-------------------+


+---------------------------------------------+
; Port Connectivity Checks: "hexdecoder:hex1" ;
+------+-------+----------+-------------------+
; Port ; Type  ; Severity ; Details           ;
+------+-------+----------+-------------------+
; NUM  ; Input ; Info     ; Stuck at GND      ;
+------+-------+----------+-------------------+


+----------------------------------------------------------------------------------------------------------------+
; Port Connectivity Checks: "sigInsig:u5"                                                                        ;
+------+--------+----------+-------------------------------------------------------------------------------------+
; Port ; Type   ; Severity ; Details                                                                             ;
+------+--------+----------+-------------------------------------------------------------------------------------+
; out  ; Output ; Info     ; Connected to dangling logic. Logic that only feeds a dangling port will be removed. ;
+------+--------+----------+-------------------------------------------------------------------------------------+


+-----------------------------------------------------+
; Post-Synthesis Netlist Statistics for Top Partition ;
+-----------------------+-----------------------------+
; Type                  ; Count                       ;
+-----------------------+-----------------------------+
; arriav_ff             ; 8                           ;
;     ENA               ; 6                           ;
;     plain             ; 2                           ;
; arriav_lcell_comb     ; 105                         ;
;     extend            ; 2                           ;
;         7 data inputs ; 2                           ;
;     normal            ; 97                          ;
;         0 data inputs ; 2                           ;
;         1 data inputs ; 21                          ;
;         2 data inputs ; 9                           ;
;         3 data inputs ; 2                           ;
;         4 data inputs ; 31                          ;
;         5 data inputs ; 12                          ;
;         6 data inputs ; 20                          ;
;     shared            ; 6                           ;
;         0 data inputs ; 2                           ;
;         2 data inputs ; 3                           ;
;         3 data inputs ; 1                           ;
; arriav_mac            ; 1                           ;
; boundary_port         ; 64                          ;
;                       ;                             ;
; Max LUT depth         ; 5.00                        ;
; Average LUT depth     ; 2.80                        ;
+-----------------------+-----------------------------+


+-------------------------------+
; Elapsed Time Per Partition    ;
+----------------+--------------+
; Partition Name ; Elapsed Time ;
+----------------+--------------+
; Top            ; 00:00:01     ;
+----------------+--------------+


+-------------------------------+
; Analysis & Synthesis Messages ;
+-------------------------------+
Info: *******************************************************************
Info: Running Quartus Prime Analysis & Synthesis
    Info: Version 16.0.0 Build 211 04/27/2016 SJ Lite Edition
    Info: Processing started: Mon Oct 16 11:40:07 2017
Info: Command: quartus_map --read_settings_files=on --write_settings_files=off part2 -c part2
Warning (20028): Parallel compilation is not licensed and has been disabled
Info (12021): Found 19 design units, including 19 entities, in source file part2.v
    Info (12023): Found entity 1: part2 File: D:/STUDY/Year 2 ECE/Fall 2017/3. ECE 241 H1 F/Lab 4/Part2/part2.v Line: 3
    Info (12023): Found entity 2: adder4and4 File: D:/STUDY/Year 2 ECE/Fall 2017/3. ECE 241 H1 F/Lab 4/Part2/part2.v Line: 118
    Info (12023): Found entity 3: adder File: D:/STUDY/Year 2 ECE/Fall 2017/3. ECE 241 H1 F/Lab 4/Part2/part2.v Line: 162
    Info (12023): Found entity 4: mux2to1 File: D:/STUDY/Year 2 ECE/Fall 2017/3. ECE 241 H1 F/Lab 4/Part2/part2.v Line: 181
    Info (12023): Found entity 5: verilogAdder File: D:/STUDY/Year 2 ECE/Fall 2017/3. ECE 241 H1 F/Lab 4/Part2/part2.v Line: 192
    Info (12023): Found entity 6: orXor File: D:/STUDY/Year 2 ECE/Fall 2017/3. ECE 241 H1 F/Lab 4/Part2/part2.v Line: 202
    Info (12023): Found entity 7: orCheck File: D:/STUDY/Year 2 ECE/Fall 2017/3. ECE 241 H1 F/Lab 4/Part2/part2.v Line: 212
    Info (12023): Found entity 8: andCheck File: D:/STUDY/Year 2 ECE/Fall 2017/3. ECE 241 H1 F/Lab 4/Part2/part2.v Line: 233
    Info (12023): Found entity 9: sigInsig File: D:/STUDY/Year 2 ECE/Fall 2017/3. ECE 241 H1 F/Lab 4/Part2/part2.v Line: 254
    Info (12023): Found entity 10: leftShift File: D:/STUDY/Year 2 ECE/Fall 2017/3. ECE 241 H1 F/Lab 4/Part2/part2.v Line: 264
    Info (12023): Found entity 11: verilogTimes File: D:/STUDY/Year 2 ECE/Fall 2017/3. ECE 241 H1 F/Lab 4/Part2/part2.v Line: 273
    Info (12023): Found entity 12: hexdecoder File: D:/STUDY/Year 2 ECE/Fall 2017/3. ECE 241 H1 F/Lab 4/Part2/part2.v Line: 282
    Info (12023): Found entity 13: segment0 File: D:/STUDY/Year 2 ECE/Fall 2017/3. ECE 241 H1 F/Lab 4/Part2/part2.v Line: 345
    Info (12023): Found entity 14: segment1 File: D:/STUDY/Year 2 ECE/Fall 2017/3. ECE 241 H1 F/Lab 4/Part2/part2.v Line: 353
    Info (12023): Found entity 15: segment2 File: D:/STUDY/Year 2 ECE/Fall 2017/3. ECE 241 H1 F/Lab 4/Part2/part2.v Line: 361
    Info (12023): Found entity 16: segment3 File: D:/STUDY/Year 2 ECE/Fall 2017/3. ECE 241 H1 F/Lab 4/Part2/part2.v Line: 369
    Info (12023): Found entity 17: segment4 File: D:/STUDY/Year 2 ECE/Fall 2017/3. ECE 241 H1 F/Lab 4/Part2/part2.v Line: 377
    Info (12023): Found entity 18: segment5 File: D:/STUDY/Year 2 ECE/Fall 2017/3. ECE 241 H1 F/Lab 4/Part2/part2.v Line: 385
    Info (12023): Found entity 19: segment6 File: D:/STUDY/Year 2 ECE/Fall 2017/3. ECE 241 H1 F/Lab 4/Part2/part2.v Line: 393
Info (12127): Elaborating entity "part2" for the top level hierarchy
Info (12128): Elaborating entity "adder4and4" for hierarchy "adder4and4:u0" File: D:/STUDY/Year 2 ECE/Fall 2017/3. ECE 241 H1 F/Lab 4/Part2/part2.v Line: 19
Info (12128): Elaborating entity "adder" for hierarchy "adder4and4:u0|adder:adder0" File: D:/STUDY/Year 2 ECE/Fall 2017/3. ECE 241 H1 F/Lab 4/Part2/part2.v Line: 132
Info (12128): Elaborating entity "mux2to1" for hierarchy "adder4and4:u0|adder:adder0|mux2to1:u0" File: D:/STUDY/Year 2 ECE/Fall 2017/3. ECE 241 H1 F/Lab 4/Part2/part2.v Line: 177
Info (12128): Elaborating entity "verilogAdder" for hierarchy "verilogAdder:u1" File: D:/STUDY/Year 2 ECE/Fall 2017/3. ECE 241 H1 F/Lab 4/Part2/part2.v Line: 26
Info (12128): Elaborating entity "orXor" for hierarchy "orXor:u2" File: D:/STUDY/Year 2 ECE/Fall 2017/3. ECE 241 H1 F/Lab 4/Part2/part2.v Line: 32
Info (12128): Elaborating entity "orCheck" for hierarchy "orCheck:u3" File: D:/STUDY/Year 2 ECE/Fall 2017/3. ECE 241 H1 F/Lab 4/Part2/part2.v Line: 38
Info (12128): Elaborating entity "andCheck" for hierarchy "andCheck:u4" File: D:/STUDY/Year 2 ECE/Fall 2017/3. ECE 241 H1 F/Lab 4/Part2/part2.v Line: 44
Info (12128): Elaborating entity "sigInsig" for hierarchy "sigInsig:u5" File: D:/STUDY/Year 2 ECE/Fall 2017/3. ECE 241 H1 F/Lab 4/Part2/part2.v Line: 50
Info (12128): Elaborating entity "leftShift" for hierarchy "leftShift:u6" File: D:/STUDY/Year 2 ECE/Fall 2017/3. ECE 241 H1 F/Lab 4/Part2/part2.v Line: 56
Info (12128): Elaborating entity "verilogTimes" for hierarchy "verilogTimes:u7" File: D:/STUDY/Year 2 ECE/Fall 2017/3. ECE 241 H1 F/Lab 4/Part2/part2.v Line: 62
Info (12128): Elaborating entity "hexdecoder" for hierarchy "hexdecoder:hex0" File: D:/STUDY/Year 2 ECE/Fall 2017/3. ECE 241 H1 F/Lab 4/Part2/part2.v Line: 87
Info (12128): Elaborating entity "segment0" for hierarchy "hexdecoder:hex0|segment0:seg0" File: D:/STUDY/Year 2 ECE/Fall 2017/3. ECE 241 H1 F/Lab 4/Part2/part2.v Line: 293
Info (12128): Elaborating entity "segment1" for hierarchy "hexdecoder:hex0|segment1:seg1" File: D:/STUDY/Year 2 ECE/Fall 2017/3. ECE 241 H1 F/Lab 4/Part2/part2.v Line: 301
Info (12128): Elaborating entity "segment2" for hierarchy "hexdecoder:hex0|segment2:seg2" File: D:/STUDY/Year 2 ECE/Fall 2017/3. ECE 241 H1 F/Lab 4/Part2/part2.v Line: 309
Info (12128): Elaborating entity "segment3" for hierarchy "hexdecoder:hex0|segment3:seg3" File: D:/STUDY/Year 2 ECE/Fall 2017/3. ECE 241 H1 F/Lab 4/Part2/part2.v Line: 317
Info (12128): Elaborating entity "segment4" for hierarchy "hexdecoder:hex0|segment4:seg4" File: D:/STUDY/Year 2 ECE/Fall 2017/3. ECE 241 H1 F/Lab 4/Part2/part2.v Line: 325
Info (12128): Elaborating entity "segment5" for hierarchy "hexdecoder:hex0|segment5:seg5" File: D:/STUDY/Year 2 ECE/Fall 2017/3. ECE 241 H1 F/Lab 4/Part2/part2.v Line: 333
Info (12128): Elaborating entity "segment6" for hierarchy "hexdecoder:hex0|segment6:seg6" File: D:/STUDY/Year 2 ECE/Fall 2017/3. ECE 241 H1 F/Lab 4/Part2/part2.v Line: 341
Warning (13024): Output pins are stuck at VCC or GND
    Warning (13410): Pin "HEX1[0]" is stuck at GND File: D:/STUDY/Year 2 ECE/Fall 2017/3. ECE 241 H1 F/Lab 4/Part2/part2.v Line: 8
    Warning (13410): Pin "HEX1[1]" is stuck at GND File: D:/STUDY/Year 2 ECE/Fall 2017/3. ECE 241 H1 F/Lab 4/Part2/part2.v Line: 8
    Warning (13410): Pin "HEX1[2]" is stuck at GND File: D:/STUDY/Year 2 ECE/Fall 2017/3. ECE 241 H1 F/Lab 4/Part2/part2.v Line: 8
    Warning (13410): Pin "HEX1[3]" is stuck at GND File: D:/STUDY/Year 2 ECE/Fall 2017/3. ECE 241 H1 F/Lab 4/Part2/part2.v Line: 8
    Warning (13410): Pin "HEX1[4]" is stuck at GND File: D:/STUDY/Year 2 ECE/Fall 2017/3. ECE 241 H1 F/Lab 4/Part2/part2.v Line: 8
    Warning (13410): Pin "HEX1[5]" is stuck at GND File: D:/STUDY/Year 2 ECE/Fall 2017/3. ECE 241 H1 F/Lab 4/Part2/part2.v Line: 8
    Warning (13410): Pin "HEX1[6]" is stuck at VCC File: D:/STUDY/Year 2 ECE/Fall 2017/3. ECE 241 H1 F/Lab 4/Part2/part2.v Line: 8
    Warning (13410): Pin "HEX2[0]" is stuck at GND File: D:/STUDY/Year 2 ECE/Fall 2017/3. ECE 241 H1 F/Lab 4/Part2/part2.v Line: 8
    Warning (13410): Pin "HEX2[1]" is stuck at GND File: D:/STUDY/Year 2 ECE/Fall 2017/3. ECE 241 H1 F/Lab 4/Part2/part2.v Line: 8
    Warning (13410): Pin "HEX2[2]" is stuck at GND File: D:/STUDY/Year 2 ECE/Fall 2017/3. ECE 241 H1 F/Lab 4/Part2/part2.v Line: 8
    Warning (13410): Pin "HEX2[3]" is stuck at GND File: D:/STUDY/Year 2 ECE/Fall 2017/3. ECE 241 H1 F/Lab 4/Part2/part2.v Line: 8
    Warning (13410): Pin "HEX2[4]" is stuck at GND File: D:/STUDY/Year 2 ECE/Fall 2017/3. ECE 241 H1 F/Lab 4/Part2/part2.v Line: 8
    Warning (13410): Pin "HEX2[5]" is stuck at GND File: D:/STUDY/Year 2 ECE/Fall 2017/3. ECE 241 H1 F/Lab 4/Part2/part2.v Line: 8
    Warning (13410): Pin "HEX2[6]" is stuck at VCC File: D:/STUDY/Year 2 ECE/Fall 2017/3. ECE 241 H1 F/Lab 4/Part2/part2.v Line: 8
    Warning (13410): Pin "HEX3[0]" is stuck at GND File: D:/STUDY/Year 2 ECE/Fall 2017/3. ECE 241 H1 F/Lab 4/Part2/part2.v Line: 8
    Warning (13410): Pin "HEX3[1]" is stuck at GND File: D:/STUDY/Year 2 ECE/Fall 2017/3. ECE 241 H1 F/Lab 4/Part2/part2.v Line: 8
    Warning (13410): Pin "HEX3[2]" is stuck at GND File: D:/STUDY/Year 2 ECE/Fall 2017/3. ECE 241 H1 F/Lab 4/Part2/part2.v Line: 8
    Warning (13410): Pin "HEX3[3]" is stuck at GND File: D:/STUDY/Year 2 ECE/Fall 2017/3. ECE 241 H1 F/Lab 4/Part2/part2.v Line: 8
    Warning (13410): Pin "HEX3[4]" is stuck at GND File: D:/STUDY/Year 2 ECE/Fall 2017/3. ECE 241 H1 F/Lab 4/Part2/part2.v Line: 8
    Warning (13410): Pin "HEX3[5]" is stuck at GND File: D:/STUDY/Year 2 ECE/Fall 2017/3. ECE 241 H1 F/Lab 4/Part2/part2.v Line: 8
    Warning (13410): Pin "HEX3[6]" is stuck at VCC File: D:/STUDY/Year 2 ECE/Fall 2017/3. ECE 241 H1 F/Lab 4/Part2/part2.v Line: 8
Info (286030): Timing-Driven Synthesis is running
Info (144001): Generated suppressed messages file D:/STUDY/Year 2 ECE/Fall 2017/3. ECE 241 H1 F/Lab 4/Part2/output_files/part2.map.smsg
Info (16010): Generating hard_block partition "hard_block:auto_generated_inst"
    Info (16011): Adding 0 node(s), including 0 DDIO, 0 PLL, 0 transceiver and 0 LCELL
Warning (21074): Design contains 4 input pin(s) that do not drive logic
    Warning (15610): No output dependent on input pin "SW[4]" File: D:/STUDY/Year 2 ECE/Fall 2017/3. ECE 241 H1 F/Lab 4/Part2/part2.v Line: 5
    Warning (15610): No output dependent on input pin "SW[5]" File: D:/STUDY/Year 2 ECE/Fall 2017/3. ECE 241 H1 F/Lab 4/Part2/part2.v Line: 5
    Warning (15610): No output dependent on input pin "SW[6]" File: D:/STUDY/Year 2 ECE/Fall 2017/3. ECE 241 H1 F/Lab 4/Part2/part2.v Line: 5
    Warning (15610): No output dependent on input pin "SW[7]" File: D:/STUDY/Year 2 ECE/Fall 2017/3. ECE 241 H1 F/Lab 4/Part2/part2.v Line: 5
Info (21057): Implemented 147 device resources after synthesis - the final resource count might be different
    Info (21058): Implemented 14 input pins
    Info (21059): Implemented 50 output pins
    Info (21061): Implemented 82 logic cells
    Info (21062): Implemented 1 DSP elements
Info: Quartus Prime Analysis & Synthesis was successful. 0 errors, 28 warnings
    Info: Peak virtual memory: 904 megabytes
    Info: Processing ended: Mon Oct 16 11:40:20 2017
    Info: Elapsed time: 00:00:13
    Info: Total CPU time (on all processors): 00:00:28


+------------------------------------------+
; Analysis & Synthesis Suppressed Messages ;
+------------------------------------------+
The suppressed messages can be found in D:/STUDY/Year 2 ECE/Fall 2017/3. ECE 241 H1 F/Lab 4/Part2/output_files/part2.map.smsg.


